[2026-05-05 20:55:02] [INFO] Scanner PRO gestartet
[2026-05-05 20:55:02] [INFO] Backup erstellt: C:\Users\mguel\Downloads\IT_Verwaltung_Web_Bootstrap_v43_StableScanner\IT_Verwaltung_Web_Bootstrap_v7_ConditionalLogic\web_ui\backups\scanner_20260505_205502
[2026-05-05 20:55:02] [WARN] CSV wird repariert: C:\Users\mguel\Downloads\IT_Verwaltung_Web_Bootstrap_v43_StableScanner\IT_Verwaltung_Web_Bootstrap_v7_ConditionalLogic\web_ui\data\assets.csv. Fehlende Spalten: Asset-ID, Gerätename, Asset-Typ, Standort, Raum, Status, Hauptnutzer, Hersteller, Modellserie, Modell, Seriennummer, Inventarnummer, Betriebssystem, Domäne, Notizen
[2026-05-05 20:55:02] [WARN] CSV wird repariert: C:\Users\mguel\Downloads\IT_Verwaltung_Web_Bootstrap_v43_StableScanner\IT_Verwaltung_Web_Bootstrap_v7_ConditionalLogic\web_ui\data\hardware.csv. Fehlende Spalten: Hardware-ID, Asset-ID, Gerätename, CPU, RAM, Speicher, Monitor, Dockingstation, Garantie bis, Bemerkung
[2026-05-05 20:55:02] [WARN] CSV wird repariert: C:\Users\mguel\Downloads\IT_Verwaltung_Web_Bootstrap_v43_StableScanner\IT_Verwaltung_Web_Bootstrap_v7_ConditionalLogic\web_ui\data\netzwerk.csv. Fehlende Spalten: Netzwerk-ID, Asset-ID, Gerätename, Netzwerktyp, Adressart, Verbindungstyp, IP-Adresse, MAC-Adresse, DNS, VLAN, Switch-Port, Wanddose, Access Point, SSID, Bemerkung
[2026-05-05 20:55:02] [WARN] CSV wird repariert: C:\Users\mguel\Downloads\IT_Verwaltung_Web_Bootstrap_v43_StableScanner\IT_Verwaltung_Web_Bootstrap_v7_ConditionalLogic\web_ui\data\software.csv. Fehlende Spalten: Software-ID, Asset-ID, Gerätename, Softwarename, Version, Hersteller, Lizenzstatus, Update-Status, Kritikalität, Bemerkung
[2026-05-05 20:55:02] [WARN] CSV wird repariert: C:\Users\mguel\Downloads\IT_Verwaltung_Web_Bootstrap_v43_StableScanner\IT_Verwaltung_Web_Bootstrap_v7_ConditionalLogic\web_ui\data\assets.csv. Fehlende Spalten: Asset-ID, Gerätename, Asset-Typ, Standort, Raum, Status, Hauptnutzer, Hersteller, Modellserie, Modell, Seriennummer, Inventarnummer, Betriebssystem, Domäne, Notizen
[2026-05-05 20:55:02] [WARN] CSV wird repariert: C:\Users\mguel\Downloads\IT_Verwaltung_Web_Bootstrap_v43_StableScanner\IT_Verwaltung_Web_Bootstrap_v7_ConditionalLogic\web_ui\data\hardware.csv. Fehlende Spalten: Hardware-ID, Asset-ID, Gerätename, CPU, RAM, Speicher, Monitor, Dockingstation, Garantie bis, Bemerkung
[2026-05-05 20:55:02] [WARN] CSV wird repariert: C:\Users\mguel\Downloads\IT_Verwaltung_Web_Bootstrap_v43_StableScanner\IT_Verwaltung_Web_Bootstrap_v7_ConditionalLogic\web_ui\data\netzwerk.csv. Fehlende Spalten: Netzwerk-ID, Asset-ID, Gerätename, Netzwerktyp, Adressart, Verbindungstyp, IP-Adresse, MAC-Adresse, DNS, VLAN, Switch-Port, Wanddose, Access Point, SSID, Bemerkung
[2026-05-05 20:55:02] [WARN] CSV wird repariert: C:\Users\mguel\Downloads\IT_Verwaltung_Web_Bootstrap_v43_StableScanner\IT_Verwaltung_Web_Bootstrap_v7_ConditionalLogic\web_ui\data\software.csv. Fehlende Spalten: Software-ID, Asset-ID, Gerätename, Softwarename, Version, Hersteller, Lizenzstatus, Update-Status, Kritikalität, Bemerkung
[2026-05-05 20:55:04] [INFO] CSV geschrieben: C:\Users\mguel\Downloads\IT_Verwaltung_Web_Bootstrap_v43_StableScanner\IT_Verwaltung_Web_Bootstrap_v7_ConditionalLogic\web_ui\data\software_full.csv (502 Zeilen)
[2026-05-05 20:55:04] [WARN] Standardsoftware fehlt/nicht erkannt: Firefox
[2026-05-05 20:55:04] [WARN] Standardsoftware fehlt/nicht erkannt: UniGet / WinGet
[2026-05-05 20:55:04] [WARN] Standardsoftware fehlt/nicht erkannt: VPN Client
[2026-05-05 20:55:04] [INFO] CSV geschrieben: C:\Users\mguel\Downloads\IT_Verwaltung_Web_Bootstrap_v43_StableScanner\IT_Verwaltung_Web_Bootstrap_v7_ConditionalLogic\web_ui\data\assets.csv (3 Zeilen)
[2026-05-05 20:55:04] [INFO] CSV geschrieben: C:\Users\mguel\Downloads\IT_Verwaltung_Web_Bootstrap_v43_StableScanner\IT_Verwaltung_Web_Bootstrap_v7_ConditionalLogic\web_ui\data\hardware.csv (3 Zeilen)
[2026-05-05 20:55:04] [INFO] CSV geschrieben: C:\Users\mguel\Downloads\IT_Verwaltung_Web_Bootstrap_v43_StableScanner\IT_Verwaltung_Web_Bootstrap_v7_ConditionalLogic\web_ui\data\netzwerk.csv (3 Zeilen)
[2026-05-05 20:55:04] [INFO] CSV geschrieben: C:\Users\mguel\Downloads\IT_Verwaltung_Web_Bootstrap_v43_StableScanner\IT_Verwaltung_Web_Bootstrap_v7_ConditionalLogic\web_ui\data\software.csv (6 Zeilen)
[2026-05-05 20:55:04] [ERROR] Validierung FEHLER
[2026-05-05 20:55:04] [ERROR] Spalten fehlen in C:\Users\mguel\Downloads\IT_Verwaltung_Web_Bootstrap_v43_StableScanner\IT_Verwaltung_Web_Bootstrap_v7_ConditionalLogic\web_ui\data\assets.csv: Asset-ID, Gerätename
[2026-05-05 20:55:04] [ERROR] Spalten fehlen in C:\Users\mguel\Downloads\IT_Verwaltung_Web_Bootstrap_v43_StableScanner\IT_Verwaltung_Web_Bootstrap_v7_ConditionalLogic\web_ui\data\hardware.csv: Hardware-ID, Asset-ID
[2026-05-05 20:55:04] [ERROR] Spalten fehlen in C:\Users\mguel\Downloads\IT_Verwaltung_Web_Bootstrap_v43_StableScanner\IT_Verwaltung_Web_Bootstrap_v7_ConditionalLogic\web_ui\data\netzwerk.csv: Netzwerk-ID, Asset-ID
[2026-05-05 20:55:04] [ERROR] Spalten fehlen in C:\Users\mguel\Downloads\IT_Verwaltung_Web_Bootstrap_v43_StableScanner\IT_Verwaltung_Web_Bootstrap_v7_ConditionalLogic\web_ui\data\software.csv: Software-ID, Asset-ID
